<?xml version="1.0" encoding="UTF-8"?>
<testsuite name="com.needle.books.BooksApplicationTests" tests="1" skipped="0" failures="0" errors="0" timestamp="2020-12-10T14:23:59" hostname="vaibhav-inspiron-3521" time="0.635">
  <properties/>
  <testcase name="contextLoads()" classname="com.needle.books.BooksApplicationTests" time="0.635"/>
  <system-out><![CDATA[19:53:18.344 [Test worker] DEBUG org.springframework.test.context.BootstrapUtils - Instantiating CacheAwareContextLoaderDelegate from class [org.springframework.test.context.cache.DefaultCacheAwareContextLoaderDelegate]
19:53:18.344 [Test worker] DEBUG org.springframework.test.context.BootstrapUtils - Instantiating BootstrapContext using constructor [public org.springframework.test.context.support.DefaultBootstrapContext(java.lang.Class,org.springframework.test.context.CacheAwareContextLoaderDelegate)]
19:53:18.346 [Test worker] DEBUG org.springframework.test.context.BootstrapUtils - Instantiating TestContextBootstrapper for test class [com.needle.books.BooksApplicationTests] from class [org.springframework.boot.test.context.SpringBootTestContextBootstrapper]
19:53:18.347 [Test worker] INFO org.springframework.boot.test.context.SpringBootTestContextBootstrapper - Neither @ContextConfiguration nor @ContextHierarchy found for test class [com.needle.books.BooksApplicationTests], using SpringBootContextLoader
19:53:18.349 [Test worker] DEBUG org.springframework.test.context.support.AbstractContextLoader - Did not detect default resource location for test class [com.needle.books.BooksApplicationTests]: class path resource [com/needle/books/BooksApplicationTests-context.xml] does not exist
19:53:18.350 [Test worker] DEBUG org.springframework.test.context.support.AbstractContextLoader - Did not detect default resource location for test class [com.needle.books.BooksApplicationTests]: class path resource [com/needle/books/BooksApplicationTestsContext.groovy] does not exist
19:53:18.351 [Test worker] INFO org.springframework.test.context.support.AbstractContextLoader - Could not detect default resource locations for test class [com.needle.books.BooksApplicationTests]: no resource found for suffixes {-context.xml, Context.groovy}.
19:53:18.352 [Test worker] INFO org.springframework.test.context.support.AnnotationConfigContextLoaderUtils - Could not detect default configuration classes for test class [com.needle.books.BooksApplicationTests]: BooksApplicationTests does not declare any static, non-private, non-final, nested classes annotated with @Configuration.
19:53:18.357 [Test worker] DEBUG org.springframework.test.context.support.ActiveProfilesUtils - Could not find an 'annotation declaring class' for annotation type [org.springframework.test.context.ActiveProfiles] and class [com.needle.books.BooksApplicationTests]
19:53:19.023 [Test worker] DEBUG org.springframework.context.annotation.ClassPathScanningCandidateComponentProvider - Identified candidate component class: file [/home/vasanth/vaibhav/Books/build/classes/java/main/com/needle/books/BooksApplication.class]
19:53:19.024 [Test worker] INFO org.springframework.boot.test.context.SpringBootTestContextBootstrapper - Found @SpringBootConfiguration com.needle.books.BooksApplication for test class com.needle.books.BooksApplicationTests
19:53:19.033 [Test worker] DEBUG org.springframework.boot.test.context.SpringBootTestContextBootstrapper - @TestExecutionListeners is not present for class [com.needle.books.BooksApplicationTests]: using defaults.
19:53:19.034 [Test worker] INFO org.springframework.boot.test.context.SpringBootTestContextBootstrapper - Loaded default TestExecutionListener class names from location [META-INF/spring.factories]: [org.springframework.boot.test.autoconfigure.restdocs.RestDocsTestExecutionListener, org.springframework.boot.test.autoconfigure.web.client.MockRestServiceServerResetTestExecutionListener, org.springframework.boot.test.autoconfigure.web.servlet.MockMvcPrintOnlyOnFailureTestExecutionListener, org.springframework.boot.test.autoconfigure.web.servlet.WebDriverTestExecutionListener, org.springframework.boot.test.autoconfigure.webservices.client.MockWebServiceServerTestExecutionListener, org.springframework.boot.test.mock.mockito.MockitoTestExecutionListener, org.springframework.boot.test.mock.mockito.ResetMocksTestExecutionListener, org.springframework.test.context.web.ServletTestExecutionListener, org.springframework.test.context.support.DirtiesContextBeforeModesTestExecutionListener, org.springframework.test.context.support.DependencyInjectionTestExecutionListener, org.springframework.test.context.support.DirtiesContextTestExecutionListener, org.springframework.test.context.transaction.TransactionalTestExecutionListener, org.springframework.test.context.jdbc.SqlScriptsTestExecutionListener, org.springframework.test.context.event.EventPublishingTestExecutionListener]
19:53:19.035 [Test worker] INFO org.springframework.boot.test.context.SpringBootTestContextBootstrapper - Using TestExecutionListeners: [org.springframework.test.context.web.ServletTestExecutionListener@7048bdf, org.springframework.test.context.support.DirtiesContextBeforeModesTestExecutionListener@508c807d, org.springframework.boot.test.mock.mockito.MockitoTestExecutionListener@3c6de3ec, org.springframework.boot.test.autoconfigure.SpringBootDependencyInjectionTestExecutionListener@2a9974a9, org.springframework.test.context.support.DirtiesContextTestExecutionListener@9e05856, org.springframework.test.context.transaction.TransactionalTestExecutionListener@3ddbbe7f, org.springframework.test.context.jdbc.SqlScriptsTestExecutionListener@6e7a58ab, org.springframework.test.context.event.EventPublishingTestExecutionListener@fa755f1, org.springframework.boot.test.autoconfigure.restdocs.RestDocsTestExecutionListener@48e8ebb, org.springframework.boot.test.autoconfigure.web.client.MockRestServiceServerResetTestExecutionListener@64c6f013, org.springframework.boot.test.autoconfigure.web.servlet.MockMvcPrintOnlyOnFailureTestExecutionListener@58c55320, org.springframework.boot.test.autoconfigure.web.servlet.WebDriverTestExecutionListener@6d788d14, org.springframework.boot.test.autoconfigure.webservices.client.MockWebServiceServerTestExecutionListener@1d733d56, org.springframework.boot.test.mock.mockito.ResetMocksTestExecutionListener@4ee61083]
19:53:19.037 [Test worker] DEBUG org.springframework.test.context.support.AbstractDirtiesContextTestExecutionListener - Before test class: context [DefaultTestContext@3cc8062c testClass = BooksApplicationTests, testInstance = [null], testMethod = [null], testException = [null], mergedContextConfiguration = [WebMergedContextConfiguration@15f12c8c testClass = BooksApplicationTests, locations = '{}', classes = '{class com.needle.books.BooksApplication}', contextInitializerClasses = '[]', activeProfiles = '{}', propertySourceLocations = '{}', propertySourceProperties = '{org.springframework.boot.test.context.SpringBootTestContextBootstrapper=true}', contextCustomizers = set[org.springframework.boot.test.autoconfigure.actuate.metrics.MetricsExportContextCustomizerFactory$DisableMetricExportContextCustomizer@46e1bfcc, org.springframework.boot.test.autoconfigure.properties.PropertyMappingContextCustomizer@0, org.springframework.boot.test.autoconfigure.web.servlet.WebDriverContextCustomizerFactory$Customizer@4bcfc689, org.springframework.boot.test.context.filter.ExcludeFilterContextCustomizer@12190781, org.springframework.boot.test.json.DuplicateJsonObjectContextCustomizerFactory$DuplicateJsonObjectContextCustomizer@b4725d5, org.springframework.boot.test.mock.mockito.MockitoContextCustomizer@0, org.springframework.boot.test.web.client.TestRestTemplateContextCustomizer@b86340a, org.springframework.boot.test.web.reactive.server.WebTestClientContextCustomizer@47b6cfe8, org.springframework.boot.test.context.SpringBootTestArgs@1, org.springframework.boot.test.context.SpringBootTestWebEnvironment@5bcdf5eb], resourceBasePath = 'src/main/webapp', contextLoader = 'org.springframework.boot.test.context.SpringBootContextLoader', parent = [null]], attributes = map['org.springframework.test.context.web.ServletTestExecutionListener.activateListener' -> true]], class annotated with @DirtiesContext [false] with mode [null].
19:53:19.041 [Test worker] DEBUG org.springframework.test.context.support.TestPropertySourceUtils - Adding inlined properties to environment: {spring.jmx.enabled=false, org.springframework.boot.test.context.SpringBootTestContextBootstrapper=true}

  .   ____          _            __ _ _
 /\\ / ___'_ __ _ _(_)_ __  __ _ \ \ \ \
( ( )\___ | '_ | '_| | '_ \/ _` | \ \ \ \
 \\/  ___)| |_)| | | | | || (_| |  ) ) ) )
  '  |____| .__|_| |_|_| |_\__, | / / / /
 =========|_|==============|___/=/_/_/_/
 :: Spring Boot ::                (v2.4.0)

2020-12-10 19:53:20.776  INFO 12068 --- [    Test worker] com.needle.books.BooksApplicationTests   : Starting BooksApplicationTests using Java 1.8.0_191 on vaibhav-inspiron-3521 with PID 12068 (started by vasanth in /home/vasanth/vaibhav/Books)
2020-12-10 19:53:20.791  INFO 12068 --- [    Test worker] com.needle.books.BooksApplicationTests   : No active profile set, falling back to default profiles: default
2020-12-10 19:53:25.374  INFO 12068 --- [    Test worker] .s.d.r.c.RepositoryConfigurationDelegate : Bootstrapping Spring Data JPA repositories in DEFERRED mode.
2020-12-10 19:53:25.509  INFO 12068 --- [    Test worker] .s.d.r.c.RepositoryConfigurationDelegate : Finished Spring Data repository scanning in 118 ms. Found 1 JPA repository interfaces.
2020-12-10 19:53:28.956  INFO 12068 --- [    Test worker] o.f.c.internal.license.VersionPrinter    : Flyway Community Edition 7.1.1 by Redgate
2020-12-10 19:53:32.429  INFO 12068 --- [    Test worker] o.f.c.i.database.base.DatabaseType       : Database: jdbc:postgresql://localhost:5432/postgres (PostgreSQL 12.5)
2020-12-10 19:53:32.688  INFO 12068 --- [    Test worker] o.f.core.internal.command.DbValidate     : Successfully validated 1 migration (execution time 00:00.167s)
2020-12-10 19:53:32.707  INFO 12068 --- [    Test worker] o.f.core.internal.command.DbMigrate      : Current version of schema "public": 1
2020-12-10 19:53:32.709  INFO 12068 --- [    Test worker] o.f.core.internal.command.DbMigrate      : Schema "public" is up to date. No migration necessary.
2020-12-10 19:53:33.226  INFO 12068 --- [    Test worker] o.s.s.concurrent.ThreadPoolTaskExecutor  : Initializing ExecutorService 'applicationTaskExecutor'
2020-12-10 19:53:33.308  INFO 12068 --- [    Test worker] com.zaxxer.hikari.HikariDataSource       : HikariPool-1 - Starting...
2020-12-10 19:53:33.562  INFO 12068 --- [    Test worker] com.zaxxer.hikari.HikariDataSource       : HikariPool-1 - Start completed.
2020-12-10 19:53:34.511  INFO 12068 --- [         task-1] o.hibernate.jpa.internal.util.LogHelper  : HHH000204: Processing PersistenceUnitInfo [name: default]
2020-12-10 19:53:35.004  INFO 12068 --- [         task-1] org.hibernate.Version                    : HHH000412: Hibernate ORM core version 5.4.23.Final
2020-12-10 19:53:36.758  INFO 12068 --- [         task-1] o.hibernate.annotations.common.Version   : HCANN000001: Hibernate Commons Annotations {5.1.2.Final}
2020-12-10 19:53:36.760  WARN 12068 --- [    Test worker] JpaBaseConfiguration$JpaWebConfiguration : spring.jpa.open-in-view is enabled by default. Therefore, database queries may be performed during view rendering. Explicitly configure spring.jpa.open-in-view to disable this warning
2020-12-10 19:53:38.714  INFO 12068 --- [         task-1] org.hibernate.dialect.Dialect            : HHH000400: Using dialect: org.hibernate.dialect.PostgreSQL10Dialect
2020-12-10 19:53:54.350  INFO 12068 --- [    Test worker] DeferredRepositoryInitializationListener : Triggering deferred initialization of Spring Data repositories…
2020-12-10 19:53:54.473  INFO 12068 --- [         task-1] o.h.e.t.j.p.i.JtaPlatformInitiator       : HHH000490: Using JtaPlatform implementation: [org.hibernate.engine.transaction.jta.platform.internal.NoJtaPlatform]
2020-12-10 19:53:54.651  INFO 12068 --- [         task-1] j.LocalContainerEntityManagerFactoryBean : Initialized JPA EntityManagerFactory for persistence unit 'default'
2020-12-10 19:53:58.902  INFO 12068 --- [    Test worker] DeferredRepositoryInitializationListener : Spring Data repositories initialized!
2020-12-10 19:53:59.076  INFO 12068 --- [    Test worker] com.needle.books.BooksApplicationTests   : Started BooksApplicationTests in 39.894 seconds (JVM running for 65.193)
]]></system-out>
  <system-err><![CDATA[]]></system-err>
</testsuite>
